The system is: Windows - 10.0.19045 - AMD64
Compiling the CXX compiler identification source file "CMakeCXXCompilerId.cpp" succeeded.
Compiler:  
Build flags: 
Id flags:  

The output was:
0
适用于 .NET Framework MSBuild 版本 17.7.2+d6990bcfa
生成启动时间为 2023/11/15 22:15:11。

节点 1 上的项目“D:\Qt-Text\physical_engine_simulates_car_crashes\CMakeFiles\3.24.2\CompilerIdCXX\CompilerIdCXX.vcxproj”(默认目标)。
PrepareForBuild:
  正在创建目录“Debug\”。
  正在创建目录“Debug\CompilerIdCXX.tlog\”。
InitializeBuildStatus:
  正在创建“Debug\CompilerIdCXX.tlog\unsuccessfulbuild”，因为已指定“AlwaysCreate”。
  正在对“Debug\CompilerIdCXX.tlog\unsuccessfulbuild”执行 Touch 任务。
ClCompile:
  E:\Microsoft 2022\VC\Tools\MSVC\14.37.32822\bin\HostX64\x64\CL.exe /c /nologo /W0 /WX- /diagnostics:column /Od /D _MBCS /Gm- /EHsc /RTC1 /MDd /GS /fp:precise /Zc:wchar_t /Zc:forScope /Zc:inline /Fo"Debug\\" /Fd"Debug\vc143.pdb" /external:W0 /Gd /TP /FC /errorReport:queue CMakeCXXCompilerId.cpp
  CMakeCXXCompilerId.cpp
Link:
  E:\Microsoft 2022\VC\Tools\MSVC\14.37.32822\bin\HostX64\x64\link.exe /ERRORREPORT:QUEUE /OUT:".\CompilerIdCXX.exe" /INCREMENTAL:NO /NOLOGO kernel32.lib user32.lib gdi32.lib winspool.lib comdlg32.lib advapi32.lib shell32.lib ole32.lib oleaut32.lib uuid.lib odbc32.lib odbccp32.lib /MANIFEST /MANIFESTUAC:"level='asInvoker' uiAccess='false'" /manifest:embed /PDB:".\CompilerIdCXX.pdb" /SUBSYSTEM:CONSOLE /TLBID:1 /DYNAMICBASE /NXCOMPAT /IMPLIB:".\CompilerIdCXX.lib" /MACHINE:X64 Debug\CMakeCXXCompilerId.obj
  CompilerIdCXX.vcxproj -> D:\Qt-Text\physical_engine_simulates_car_crashes\CMakeFiles\3.24.2\CompilerIdCXX\CompilerIdCXX.exe
PostBuildEvent:
  for %%i in (cl.exe) do @echo CMAKE_CXX_COMPILER=%%~$PATH:i
  :VCEnd
  CMAKE_CXX_COMPILER=E:\Microsoft 2022\VC\Tools\MSVC\14.37.32822\bin\Hostx64\x64\cl.exe
FinalizeBuildStatus:
  正在删除文件“Debug\CompilerIdCXX.tlog\unsuccessfulbuild”。
  正在对“Debug\CompilerIdCXX.tlog\CompilerIdCXX.lastbuildstate”执行 Touch 任务。
已完成生成项目“D:\Qt-Text\physical_engine_simulates_car_crashes\CMakeFiles\3.24.2\CompilerIdCXX\CompilerIdCXX.vcxproj”(默认目标)的操作。

已成功生成。
    0 个警告
    0 个错误

已用时间 00:00:00.74


Compilation of the CXX compiler identification source "CMakeCXXCompilerId.cpp" produced "CompilerIdCXX.exe"

Compilation of the CXX compiler identification source "CMakeCXXCompilerId.cpp" produced "CompilerIdCXX.vcxproj"

The CXX compiler identification is MSVC, found in "D:/Qt-Text/physical_engine_simulates_car_crashes/CMakeFiles/3.24.2/CompilerIdCXX/CompilerIdCXX.exe"

Detecting CXX compiler ABI info compiled with the following output:
Change Dir: D:/Qt-Text/physical_engine_simulates_car_crashes/CMakeFiles/CMakeTmp

Run Build Command(s):E:/Microsoft 2022/MSBuild/Current/Bin/amd64/MSBuild.exe cmTC_0f537.vcxproj /p:Configuration=Debug /p:Platform=x64 /p:VisualStudioVersion=17.0 /v:m && 适用于 .NET Framework MSBuild 版本 17.7.2+d6990bcfa

  用于 x64 的 Microsoft (R) C/C++ 优化编译器 19.37.32824 版
  CMakeCXXCompilerABI.cpp
  版权所有(C) Microsoft Corporation。保留所有权利。
  cl /c /Zi /W3 /WX- /diagnostics:column /Od /Ob0 /D _MBCS /D WIN32 /D _WINDOWS /D "CMAKE_INTDIR=\"Debug\"" /Gm- /EHsc /RTC1 /MDd /GS /fp:precise /Zc:wchar_t /Zc:forScope /Zc:inline /GR /Fo"cmTC_0f537.dir\Debug\\" /Fd"cmTC_0f537.dir\Debug\vc143.pdb" /external:W3 /Gd /TP /errorReport:queue "D:\Cmake\share\cmake-3.24\Modules\CMakeCXXCompilerABI.cpp"
  cmTC_0f537.vcxproj -> D:\Qt-Text\physical_engine_simulates_car_crashes\CMakeFiles\CMakeTmp\Debug\cmTC_0f537.exe



